#
# There is insufficient memory for the Java Runtime Environment to continue.
# Native memory allocation (malloc) failed to allocate 32744 bytes for ChunkPool::allocate
# Possible reasons:
#   The system is out of physical RAM or swap space
#   In 32 bit mode, the process size limit was hit
# Possible solutions:
#   Reduce memory load on the system
#   Increase physical memory or swap space
#   Check if swap backing store is full
#   Use 64 bit Java on a 64 bit OS
#   Decrease Java heap size (-Xmx/-Xms)
#   Decrease number of Java threads
#   Decrease Java thread stack sizes (-Xss)
#   Set larger code cache with -XX:ReservedCodeCacheSize=
# This output file may be truncated or incomplete.
#
#  Out of Memory Error (allocation.cpp:273), pid=13980, tid=0x0000000000000cb8
#
# JRE version: Java(TM) SE Runtime Environment (8.0_161-b12) (build 1.8.0_161-b12)
# Java VM: Java HotSpot(TM) 64-Bit Server VM (25.161-b12 mixed mode windows-amd64 compressed oops)
# Failed to write core dump. Minidumps are not enabled by default on client versions of Windows
#

---------------  T H R E A D  ---------------

Current thread (0x000000001aee5000):  JavaThread "C1 CompilerThread3" daemon [_thread_in_native, id=3256, stack(0x000000001b890000,0x000000001b990000)]

Stack: [0x000000001b890000,0x000000001b990000]
[error occurred during error reporting (printing stack bounds), id 0xc0000005]

Native frames: (J=compiled Java code, j=interpreted, Vv=VM code, C=native code)


Current CompileTask:
C1:   6730 3320   !   1       com.sun.org.apache.xerces.internal.impl.XMLDocumentFragmentScannerImpl$FragmentContentDriver::next (2346 bytes)


---------------  P R O C E S S  ---------------

Java Threads: ( => current thread )
  0x000000001cd9c800 JavaThread "RMI Scheduler(0)" daemon [_thread_blocked, id=14748, stack(0x000000001e870000,0x000000001e970000)]
  0x000000001cde2000 JavaThread "RMI TCP Connection(1)-169.254.139.63" daemon [_thread_in_native, id=8112, stack(0x000000001e770000,0x000000001e870000)]
  0x000000001cd95000 JavaThread "Druid-ConnectionPool-Destroy-1748427884" daemon [_thread_blocked, id=9620, stack(0x000000001e460000,0x000000001e560000)]
  0x000000001cd8c800 JavaThread "Druid-ConnectionPool-Create-1748427884" daemon [_thread_blocked, id=18520, stack(0x000000001e360000,0x000000001e460000)]
  0x000000001cd4c800 JavaThread "mysql-cj-abandoned-connection-cleanup" daemon [_thread_blocked, id=18596, stack(0x000000001d460000,0x000000001d560000)]
  0x000000001b37a800 JavaThread "restartedMain" [_thread_in_Java, id=2784, stack(0x000000001bf90000,0x000000001c090000)]
  0x000000001b379000 JavaThread "Thread-1" [_thread_blocked, id=17948, stack(0x000000001be90000,0x000000001bf90000)]
  0x000000001b137000 JavaThread "RMI TCP Accept-0" daemon [_thread_in_native, id=9556, stack(0x000000001ba90000,0x000000001bb90000)]
  0x000000001af24000 JavaThread "Service Thread" daemon [_thread_blocked, id=10168, stack(0x000000001b990000,0x000000001ba90000)]
=>0x000000001aee5000 JavaThread "C1 CompilerThread3" daemon [_thread_in_native, id=3256, stack(0x000000001b890000,0x000000001b990000)]
  0x000000001aed8000 JavaThread "C2 CompilerThread2" daemon [_thread_blocked, id=9888, stack(0x000000001b790000,0x000000001b890000)]
  0x000000001ae7f000 JavaThread "C2 CompilerThread1" daemon [_thread_blocked, id=11344, stack(0x000000001b690000,0x000000001b790000)]
  0x000000001ae7e000 JavaThread "C2 CompilerThread0" daemon [_thread_blocked, id=12676, stack(0x000000001b590000,0x000000001b690000)]
  0x000000001ae7a800 JavaThread "Monitor Ctrl-Break" daemon [_thread_in_native, id=11492, stack(0x000000001b490000,0x000000001b590000)]
  0x000000001a5d6000 JavaThread "Attach Listener" daemon [_thread_blocked, id=4560, stack(0x000000001ab90000,0x000000001ac90000)]
  0x000000001a5d5000 JavaThread "Signal Dispatcher" daemon [_thread_blocked, id=7760, stack(0x000000001aa90000,0x000000001ab90000)]
  0x00000000035be800 JavaThread "Finalizer" daemon [_thread_blocked, id=16296, stack(0x000000001a990000,0x000000001aa90000)]
  0x00000000035bd000 JavaThread "Reference Handler" daemon [_thread_blocked, id=2396, stack(0x000000001a490000,0x000000001a590000)]
  0x00000000034be000 JavaThread "main" [_thread_blocked, id=16636, stack(0x0000000003320000,0x0000000003420000)]

Other Threads:
  0x00000000186b8800 VMThread [stack: 0x000000001a390000,0x000000001a490000] [id=18880]
  0x000000001b138000 WatcherThread [stack: 0x000000001bb90000,0x000000001bc90000] [id=17920]

VM state:not at safepoint (normal execution)

VM Mutex/Monitor currently owned by a thread: None

Heap:
 PSYoungGen      total 178176K, used 5318K [0x00000000d6200000, 0x00000000e3700000, 0x0000000100000000)
  eden space 165376K, 3% used [0x00000000d6200000,0x00000000d6731be0,0x00000000e0380000)
  from space 12800K, 0% used [0x00000000e1000000,0x00000000e1000000,0x00000000e1c80000)
  to   space 12800K, 0% used [0x00000000e0380000,0x00000000e0380000,0x00000000e1000000)
 ParOldGen       total 88576K, used 16692K [0x0000000082600000, 0x0000000087c80000, 0x00000000d6200000)
  object space 88576K, 18% used [0x0000000082600000,0x000000008364d360,0x0000000087c80000)
 Metaspace       used 33726K, capacity 35483K, committed 35624K, reserved 1079296K
  class space    used 4435K, capacity 4790K, committed 4912K, reserved 1048576K

Card table byte_map: [0x0000000012b80000,0x0000000012f70000] byte_map_base: 0x000000001276d000

Marking Bits: (ParMarkBitMap*) 0x0000000054caf860
 Begin Bits: [0x0000000013a10000, 0x0000000015978000)
 End Bits:   [0x0000000015978000, 0x00000000178e0000)

Polling page: 0x0000000001220000

CodeCache: size=245760Kb used=6682Kb max_used=6682Kb free=239078Kb
 bounds [0x00000000037c0000, 0x0000000003e50000, 0x00000000127c0000]
 total_blobs=3766 nmethods=3317 adapters=361
 compilation: enabled

Compilation events (10 events):
Event: 6.722 Thread 0x000000001aee5000 nmethod 3315 0x0000000003e43bd0 code [0x0000000003e43d20, 0x0000000003e43e50]
Event: 6.722 Thread 0x000000001aee5000 3313       1       sun.util.locale.provider.LocaleProviderAdapter::getAdapter (171 bytes)
Event: 6.723 Thread 0x000000001aee5000 nmethod 3313 0x0000000003e43ed0 code [0x0000000003e44100, 0x0000000003e44698]
Event: 6.723 Thread 0x000000001aee5000 3316   !   1       com.sun.org.apache.xerces.internal.utils.XMLSecurityManager::getSystemProperty (126 bytes)
Event: 6.723 Thread 0x000000001aee5000 nmethod 3316 0x0000000003e44a50 code [0x0000000003e44c80, 0x0000000003e45438]
Event: 6.723 Thread 0x000000001aee5000 3318       1       com.sun.org.apache.xerces.internal.dom.DeferredDocumentImpl::createNode (46 bytes)
Event: 6.723 Thread 0x000000001aee5000 nmethod 3318 0x0000000003e45dd0 code [0x0000000003e45f40, 0x0000000003e460f8]
Event: 6.723 Thread 0x000000001aee5000 3317       1       com.sun.org.apache.xerces.internal.dom.DeferredDocumentImpl::appendChild (81 bytes)
Event: 6.723 Thread 0x000000001aee5000 nmethod 3317 0x0000000003e46190 code [0x0000000003e46320, 0x0000000003e46588]
Event: 6.723 Thread 0x000000001aee5000 3320   !   1       com.sun.org.apache.xerces.internal.impl.XMLDocumentFragmentScannerImpl$FragmentContentDriver::next (2346 bytes)

GC Heap History (10 events):
Event: 3.021 GC heap before
{Heap before GC invocations=6 (full 1):
 PSYoungGen      total 70656K, used 5115K [0x00000000d6200000, 0x00000000df800000, 0x0000000100000000)
  eden space 65536K, 0% used [0x00000000d6200000,0x00000000d6200000,0x00000000da200000)
  from space 5120K, 99% used [0x00000000da200000,0x00000000da6fedd0,0x00000000da700000)
  to   space 11264K, 0% used [0x00000000ded00000,0x00000000ded00000,0x00000000df800000)
 ParOldGen       total 86016K, used 13456K [0x0000000082600000, 0x0000000087a00000, 0x00000000d6200000)
  object space 86016K, 15% used [0x0000000082600000,0x00000000833241b8,0x0000000087a00000)
 Metaspace       used 20327K, capacity 21250K, committed 21296K, reserved 1067008K
  class space    used 2627K, capacity 2834K, committed 2864K, reserved 1048576K
Event: 3.072 GC heap after
Heap after GC invocations=6 (full 1):
 PSYoungGen      total 70656K, used 0K [0x00000000d6200000, 0x00000000df800000, 0x0000000100000000)
  eden space 65536K, 0% used [0x00000000d6200000,0x00000000d6200000,0x00000000da200000)
  from space 5120K, 0% used [0x00000000da200000,0x00000000da200000,0x00000000da700000)
  to   space 11264K, 0% used [0x00000000ded00000,0x00000000ded00000,0x00000000df800000)
 ParOldGen       total 60416K, used 10472K [0x0000000082600000, 0x0000000086100000, 0x00000000d6200000)
  object space 60416K, 17% used [0x0000000082600000,0x000000008303a0f0,0x0000000086100000)
 Metaspace       used 20327K, capacity 21250K, committed 21296K, reserved 1067008K
  class space    used 2627K, capacity 2834K, committed 2864K, reserved 1048576K
}
Event: 3.781 GC heap before
{Heap before GC invocations=7 (full 1):
 PSYoungGen      total 70656K, used 65536K [0x00000000d6200000, 0x00000000df800000, 0x0000000100000000)
  eden space 65536K, 100% used [0x00000000d6200000,0x00000000da200000,0x00000000da200000)
  from space 5120K, 0% used [0x00000000da200000,0x00000000da200000,0x00000000da700000)
  to   space 11264K, 0% used [0x00000000ded00000,0x00000000ded00000,0x00000000df800000)
 ParOldGen       total 60416K, used 10472K [0x0000000082600000, 0x0000000086100000, 0x00000000d6200000)
  object space 60416K, 17% used [0x0000000082600000,0x000000008303a0f0,0x0000000086100000)
 Metaspace       used 23396K, capacity 24496K, committed 24624K, reserved 1071104K
  class space    used 3026K, capacity 3310K, committed 3376K, reserved 1048576K
Event: 3.786 GC heap after
Heap after GC invocations=7 (full 1):
 PSYoungGen      total 111616K, used 6063K [0x00000000d6200000, 0x00000000df300000, 0x0000000100000000)
  eden space 105472K, 0% used [0x00000000d6200000,0x00000000d6200000,0x00000000dc900000)
  from space 6144K, 98% used [0x00000000ded00000,0x00000000df2ebd60,0x00000000df300000)
  to   space 11264K, 0% used [0x00000000ddd00000,0x00000000ddd00000,0x00000000de800000)
 ParOldGen       total 60416K, used 10480K [0x0000000082600000, 0x0000000086100000, 0x00000000d6200000)
  object space 60416K, 17% used [0x0000000082600000,0x000000008303c0f0,0x0000000086100000)
 Metaspace       used 23396K, capacity 24496K, committed 24624K, reserved 1071104K
  class space    used 3026K, capacity 3310K, committed 3376K, reserved 1048576K
}
Event: 5.217 GC heap before
{Heap before GC invocations=8 (full 1):
 PSYoungGen      total 111616K, used 111535K [0x00000000d6200000, 0x00000000df300000, 0x0000000100000000)
  eden space 105472K, 100% used [0x00000000d6200000,0x00000000dc900000,0x00000000dc900000)
  from space 6144K, 98% used [0x00000000ded00000,0x00000000df2ebd60,0x00000000df300000)
  to   space 11264K, 0% used [0x00000000ddd00000,0x00000000ddd00000,0x00000000de800000)
 ParOldGen       total 60416K, used 10480K [0x0000000082600000, 0x0000000086100000, 0x00000000d6200000)
  object space 60416K, 17% used [0x0000000082600000,0x000000008303c0f0,0x0000000086100000)
 Metaspace       used 29286K, capacity 30784K, committed 31152K, reserved 1077248K
  class space    used 3836K, capacity 4146K, committed 4272K, reserved 1048576K
Event: 5.232 GC heap after
Heap after GC invocations=8 (full 1):
 PSYoungGen      total 137216K, used 11251K [0x00000000d6200000, 0x00000000e1c80000, 0x0000000100000000)
  eden space 125952K, 0% used [0x00000000d6200000,0x00000000d6200000,0x00000000ddd00000)
  from space 11264K, 99% used [0x00000000ddd00000,0x00000000de7fcd98,0x00000000de800000)
  to   space 12800K, 0% used [0x00000000e1000000,0x00000000e1000000,0x00000000e1c80000)
 ParOldGen       total 60416K, used 11264K [0x0000000082600000, 0x0000000086100000, 0x00000000d6200000)
  object space 60416K, 18% used [0x0000000082600000,0x0000000083100000,0x0000000086100000)
 Metaspace       used 29286K, capacity 30784K, committed 31152K, reserved 1077248K
  class space    used 3836K, capacity 4146K, committed 4272K, reserved 1048576K
}
Event: 6.625 GC heap before
{Heap before GC invocations=9 (full 1):
 PSYoungGen      total 137216K, used 43418K [0x00000000d6200000, 0x00000000e1c80000, 0x0000000100000000)
  eden space 125952K, 25% used [0x00000000d6200000,0x00000000d8169dd0,0x00000000ddd00000)
  from space 11264K, 99% used [0x00000000ddd00000,0x00000000de7fcd98,0x00000000de800000)
  to   space 12800K, 0% used [0x00000000e1000000,0x00000000e1000000,0x00000000e1c80000)
 ParOldGen       total 60416K, used 11264K [0x0000000082600000, 0x0000000086100000, 0x00000000d6200000)
  object space 60416K, 18% used [0x0000000082600000,0x0000000083100000,0x0000000086100000)
 Metaspace       used 33709K, capacity 35469K, committed 35496K, reserved 1079296K
  class space    used 4431K, capacity 4784K, committed 4784K, reserved 1048576K
Event: 6.637 GC heap after
Heap after GC invocations=9 (full 1):
 PSYoungGen      total 178176K, used 8759K [0x00000000d6200000, 0x00000000e3700000, 0x0000000100000000)
  eden space 165376K, 0% used [0x00000000d6200000,0x00000000d6200000,0x00000000e0380000)
  from space 12800K, 68% used [0x00000000e1000000,0x00000000e188dec8,0x00000000e1c80000)
  to   space 12800K, 0% used [0x00000000e0380000,0x00000000e0380000,0x00000000e1000000)
 ParOldGen       total 60416K, used 11336K [0x0000000082600000, 0x0000000086100000, 0x00000000d6200000)
  object space 60416K, 18% used [0x0000000082600000,0x0000000083112010,0x0000000086100000)
 Metaspace       used 33709K, capacity 35469K, committed 35496K, reserved 1079296K
  class space    used 4431K, capacity 4784K, committed 4784K, reserved 1048576K
}
Event: 6.637 GC heap before
{Heap before GC invocations=10 (full 2):
 PSYoungGen      total 178176K, used 8759K [0x00000000d6200000, 0x00000000e3700000, 0x0000000100000000)
  eden space 165376K, 0% used [0x00000000d6200000,0x00000000d6200000,0x00000000e0380000)
  from space 12800K, 68% used [0x00000000e1000000,0x00000000e188dec8,0x00000000e1c80000)
  to   space 12800K, 0% used [0x00000000e0380000,0x00000000e0380000,0x00000000e1000000)
 ParOldGen       total 60416K, used 11336K [0x0000000082600000, 0x0000000086100000, 0x00000000d6200000)
  object space 60416K, 18% used [0x0000000082600000,0x0000000083112010,0x0000000086100000)
 Metaspace       used 33709K, capacity 35469K, committed 35496K, reserved 1079296K
  class space    used 4431K, capacity 4784K, committed 4784K, reserved 1048576K
Event: 6.705 GC heap after
Heap after GC invocations=10 (full 2):
 PSYoungGen      total 178176K, used 0K [0x00000000d6200000, 0x00000000e3700000, 0x0000000100000000)
  eden space 165376K, 0% used [0x00000000d6200000,0x00000000d6200000,0x00000000e0380000)
  from space 12800K, 0% used [0x00000000e1000000,0x00000000e1000000,0x00000000e1c80000)
  to   space 12800K, 0% used [0x00000000e0380000,0x00000000e0380000,0x00000000e1000000)
 ParOldGen       total 88576K, used 16692K [0x0000000082600000, 0x0000000087c80000, 0x00000000d6200000)
  object space 88576K, 18% used [0x0000000082600000,0x000000008364d360,0x0000000087c80000)
 Metaspace       used 33709K, capacity 35469K, committed 35496K, reserved 1079296K
  class space    used 4431K, capacity 4784K, committed 4784K, reserved 1048576K
}

Deoptimization events (0 events):
No events

Classes redefined (0 events):
No events

Internal exceptions (10 events):
Event: 5.349 Thread 0x000000001b37a800 Exception <a 'java/lang/ArrayIndexOutOfBoundsException'> (0x00000000d67d8d18) thrown at [C:\re\workspace\8-2-build-windows-amd64-cygwin\jdk8u161\10277\hotspot\src\share\vm\runtime\sharedRuntime.cpp, line 605]
Event: 5.350 Thread 0x000000001b37a800 Exception <a 'java/lang/ArrayIndexOutOfBoundsException'> (0x00000000d67e3d20) thrown at [C:\re\workspace\8-2-build-windows-amd64-cygwin\jdk8u161\10277\hotspot\src\share\vm\runtime\sharedRuntime.cpp, line 605]
Event: 5.351 Thread 0x000000001b37a800 Exception <a 'java/lang/ArrayIndexOutOfBoundsException'> (0x00000000d67f4538) thrown at [C:\re\workspace\8-2-build-windows-amd64-cygwin\jdk8u161\10277\hotspot\src\share\vm\runtime\sharedRuntime.cpp, line 605]
Event: 5.351 Thread 0x000000001b37a800 Exception <a 'java/lang/ArrayIndexOutOfBoundsException'> (0x00000000d67ff5e8) thrown at [C:\re\workspace\8-2-build-windows-amd64-cygwin\jdk8u161\10277\hotspot\src\share\vm\runtime\sharedRuntime.cpp, line 605]
Event: 5.970 Thread 0x000000001cde2000 Exception <a 'java/lang/NoSuchMethodError': <clinit>> (0x00000000d6d620d0) thrown at [C:\re\workspace\8-2-build-windows-amd64-cygwin\jdk8u161\10277\hotspot\src\share\vm\prims\jni.cpp, line 1613]
Event: 5.984 Thread 0x000000001cde2000 Exception <a 'java/lang/ClassNotFoundException': javax/management/remote/rmi/RMIConnectionImpl_Skel> (0x00000000d6d78a08) thrown at [C:\re\workspace\8-2-build-windows-amd64-cygwin\jdk8u161\10277\hotspot\src\share\vm\classfile\systemDictionary.cpp, line 21
Event: 6.012 Thread 0x000000001cde2000 Exception <a 'java/lang/reflect/InvocationTargetException'> (0x00000000d6db26e8) thrown at [C:\re\workspace\8-2-build-windows-amd64-cygwin\jdk8u161\10277\hotspot\src\share\vm\runtime\reflection.cpp, line 1092]
Event: 6.015 Thread 0x000000001cde2000 Exception <a 'java/lang/NoSuchMethodError': <clinit>> (0x00000000d6ea6a00) thrown at [C:\re\workspace\8-2-build-windows-amd64-cygwin\jdk8u161\10277\hotspot\src\share\vm\prims\jni.cpp, line 1613]
Event: 6.330 Thread 0x000000001b37a800 Exception <a 'java/lang/ArrayIndexOutOfBoundsException'> (0x00000000d764ac00) thrown at [C:\re\workspace\8-2-build-windows-amd64-cygwin\jdk8u161\10277\hotspot\src\share\vm\runtime\sharedRuntime.cpp, line 605]
Event: 6.607 Thread 0x000000001cde2000 Exception <a 'java/lang/reflect/InvocationTargetException'> (0x00000000d6eda510) thrown at [C:\re\workspace\8-2-build-windows-amd64-cygwin\jdk8u161\10277\hotspot\src\share\vm\runtime\reflection.cpp, line 1092]

Events (10 events):
Event: 6.624 loading class com/baomidou/mybatisplus/core/metadata/TableInfo
Event: 6.624 loading class com/baomidou/mybatisplus/core/metadata/TableInfo done
Event: 6.624 loading class com/baomidou/mybatisplus/core/metadata/TableFieldInfo
Event: 6.624 loading class com/baomidou/mybatisplus/core/metadata/TableFieldInfo done
Event: 6.624 Executing VM operation: CollectForMetadataAllocation
Event: 6.705 Executing VM operation: CollectForMetadataAllocation done
Event: 6.706 Executing VM operation: RevokeBias
Event: 6.706 Executing VM operation: RevokeBias done
Event: 6.712 loading class org/apache/ibatis/scripting/xmltags/SetSqlNode
Event: 6.712 loading class org/apache/ibatis/scripting/xmltags/SetSqlNode done


Dynamic libraries:
0x00007ff7f2280000 - 0x00007ff7f22b7000 	F:\Java\bin\java.exe
0x00007ffc1d830000 - 0x00007ffc1da25000 	C:\WINDOWS\SYSTEM32\ntdll.dll
0x00007ffc1cf80000 - 0x00007ffc1d03e000 	C:\WINDOWS\System32\KERNEL32.DLL
0x00007ffc1aff0000 - 0x00007ffc1b2b8000 	C:\WINDOWS\System32\KERNELBASE.dll
0x00007ffc1d4c0000 - 0x00007ffc1d56c000 	C:\WINDOWS\System32\ADVAPI32.dll
0x00007ffc1c640000 - 0x00007ffc1c6de000 	C:\WINDOWS\System32\msvcrt.dll
0x00007ffc1c820000 - 0x00007ffc1c8bb000 	C:\WINDOWS\System32\sechost.dll
0x00007ffc1c6e0000 - 0x00007ffc1c80a000 	C:\WINDOWS\System32\RPCRT4.dll
0x00007ffc1b8f0000 - 0x00007ffc1ba91000 	C:\WINDOWS\System32\USER32.dll
0x00007ffc1b2c0000 - 0x00007ffc1b2e2000 	C:\WINDOWS\System32\win32u.dll
0x00007ffc1c530000 - 0x00007ffc1c55b000 	C:\WINDOWS\System32\GDI32.dll
0x00007ffc1b320000 - 0x00007ffc1b42d000 	C:\WINDOWS\System32\gdi32full.dll
0x00007ffc1b720000 - 0x00007ffc1b7bd000 	C:\WINDOWS\System32\msvcp_win.dll
0x00007ffc1b430000 - 0x00007ffc1b530000 	C:\WINDOWS\System32\ucrtbase.dll
0x00007ffc02ac0000 - 0x00007ffc02d5a000 	C:\WINDOWS\WinSxS\amd64_microsoft.windows.common-controls_6595b64144ccf1df_6.0.19041.1110_none_60b5254171f9507e\COMCTL32.dll
0x00007ffc1c9f0000 - 0x00007ffc1ca20000 	C:\WINDOWS\System32\IMM32.DLL
0x0000000054d30000 - 0x0000000054e02000 	F:\Java\jre\bin\msvcr100.dll
0x0000000054490000 - 0x0000000054d2f000 	F:\Java\jre\bin\server\jvm.dll
0x00007ffc1d400000 - 0x00007ffc1d408000 	C:\WINDOWS\System32\PSAPI.DLL
0x00007ffc02e80000 - 0x00007ffc02ea7000 	C:\WINDOWS\SYSTEM32\WINMM.dll
0x00007ffc0dcb0000 - 0x00007ffc0dcba000 	C:\WINDOWS\SYSTEM32\VERSION.dll
0x00007ffc118e0000 - 0x00007ffc118e9000 	C:\WINDOWS\SYSTEM32\WSOCK32.dll
0x00007ffc1ca80000 - 0x00007ffc1caeb000 	C:\WINDOWS\System32\WS2_32.dll
0x0000000054480000 - 0x000000005448f000 	F:\Java\jre\bin\verify.dll
0x0000000054450000 - 0x0000000054479000 	F:\Java\jre\bin\java.dll
0x0000000054400000 - 0x0000000054423000 	F:\Java\jre\bin\instrument.dll
0x0000000054430000 - 0x0000000054446000 	F:\Java\jre\bin\zip.dll
0x00007ffc1bb50000 - 0x00007ffc1c294000 	C:\WINDOWS\System32\SHELL32.dll
0x00007ffc19010000 - 0x00007ffc197a4000 	C:\WINDOWS\SYSTEM32\windows.storage.dll
0x00007ffc1d0a0000 - 0x00007ffc1d3f5000 	C:\WINDOWS\System32\combase.dll
0x00007ffc1a990000 - 0x00007ffc1a9be000 	C:\WINDOWS\SYSTEM32\Wldp.dll
0x00007ffc1baa0000 - 0x00007ffc1bb4d000 	C:\WINDOWS\System32\SHCORE.dll
0x00007ffc1b870000 - 0x00007ffc1b8c5000 	C:\WINDOWS\System32\shlwapi.dll
0x00007ffc1ae80000 - 0x00007ffc1ae9f000 	C:\WINDOWS\SYSTEM32\profapi.dll
0x00007ffc11320000 - 0x00007ffc1133a000 	D:\IntelliJ IDEA 2021.1.2\bin\breakgen64.dll
0x00000000543e0000 - 0x00000000543fa000 	F:\java\jre\bin\net.dll
0x00007ffc1a6f0000 - 0x00007ffc1a75a000 	C:\WINDOWS\system32\mswsock.dll
0x00007ffc1a3e0000 - 0x00007ffc1a4ab000 	C:\WINDOWS\SYSTEM32\DNSAPI.dll
0x00007ffc1a390000 - 0x00007ffc1a3cb000 	C:\WINDOWS\SYSTEM32\IPHLPAPI.DLL
0x00007ffc1c810000 - 0x00007ffc1c818000 	C:\WINDOWS\System32\NSI.dll
0x00007ffc10670000 - 0x00007ffc1067a000 	C:\Windows\System32\rasadhlp.dll
0x00007ffc0f330000 - 0x00007ffc0f3af000 	C:\WINDOWS\System32\fwpuclnt.dll
0x00007ffc1b2f0000 - 0x00007ffc1b317000 	C:\WINDOWS\System32\bcrypt.dll
0x00000000543b0000 - 0x00000000543bd000 	F:\java\jre\bin\management.dll
0x00000000543c0000 - 0x00000000543d1000 	F:\java\jre\bin\nio.dll
0x00007ffc1a8e0000 - 0x00007ffc1a8f8000 	C:\WINDOWS\SYSTEM32\CRYPTSP.dll
0x00007ffc1a000000 - 0x00007ffc1a034000 	C:\WINDOWS\system32\rsaenh.dll
0x00007ffc1ae00000 - 0x00007ffc1ae2e000 	C:\WINDOWS\SYSTEM32\USERENV.dll
0x00007ffc1b690000 - 0x00007ffc1b712000 	C:\WINDOWS\System32\bcryptprimitives.dll
0x00007ffc1a900000 - 0x00007ffc1a90c000 	C:\WINDOWS\SYSTEM32\CRYPTBASE.dll
0x00007ffc10940000 - 0x00007ffc10957000 	C:\WINDOWS\SYSTEM32\dhcpcsvc6.DLL
0x00007ffc10920000 - 0x00007ffc1093d000 	C:\WINDOWS\SYSTEM32\dhcpcsvc.DLL
0x00007ffbf4640000 - 0x00007ffbf4657000 	C:\WINDOWS\system32\napinsp.dll
0x00007ffbf4620000 - 0x00007ffbf463b000 	C:\WINDOWS\system32\pnrpnsp.dll
0x00007ffbf4600000 - 0x00007ffbf4615000 	C:\WINDOWS\system32\wshbth.dll
0x00007ffc13040000 - 0x00007ffc1305d000 	C:\WINDOWS\system32\NLAapi.dll
0x00007ffbf45e0000 - 0x00007ffbf45f2000 	C:\WINDOWS\System32\winrnr.dll

VM Arguments:
jvm_args: -XX:TieredStopAtLevel=1 -Xverify:none -Dspring.output.ansi.enabled=always -javaagent:D:\IntelliJ IDEA 2021.1.2\lib\idea_rt.jar=12906:D:\IntelliJ IDEA 2021.1.2\bin -Dcom.sun.management.jmxremote -Dspring.jmx.enabled=true -Dspring.liveBeansView.mbeanDomain -Dspring.application.admin.enabled=true -Dfile.encoding=UTF-8 
java_command: com.jueding.SchoolBlogApplication
java_class_path (initial): F:\java\jre\lib\charsets.jar;F:\java\jre\lib\deploy.jar;F:\java\jre\lib\ext\access-bridge-64.jar;F:\java\jre\lib\ext\cldrdata.jar;F:\java\jre\lib\ext\dnsns.jar;F:\java\jre\lib\ext\jaccess.jar;F:\java\jre\lib\ext\jfxrt.jar;F:\java\jre\lib\ext\localedata.jar;F:\java\jre\lib\ext\nashorn.jar;F:\java\jre\lib\ext\sunec.jar;F:\java\jre\lib\ext\sunjce_provider.jar;F:\java\jre\lib\ext\sunmscapi.jar;F:\java\jre\lib\ext\sunpkcs11.jar;F:\java\jre\lib\ext\zipfs.jar;F:\java\jre\lib\javaws.jar;F:\java\jre\lib\jce.jar;F:\java\jre\lib\jfr.jar;F:\java\jre\lib\jfxswt.jar;F:\java\jre\lib\jsse.jar;F:\java\jre\lib\management-agent.jar;F:\java\jre\lib\plugin.jar;F:\java\jre\lib\resources.jar;F:\java\jre\lib\rt.jar;F:\code\my_repositories\school_blog\school_blog\workspace\schoolBlog\target\classes;F:\repository\org\springframework\boot\spring-boot-starter-thymeleaf\2.5.6\spring-boot-starter-thymeleaf-2.5.6.jar;F:\repository\org\springframework\boot\spring-boot-starter\2.5.6\spring-boot-starter-2.5.6.jar;F:\repository\org\springframework\boot\spring-boot-starter-logging\2.5.6\spring-boot-starter-logging-2.5.6.jar;F:\repository\ch\qos\logback\logback-classic\1.2.6\logback-classic-1.2.6.jar;F:\repository\ch\qos\logback\logback-core\1.2.6\logback-core-1.2.6.jar;F:\repository\org\apache\logging\log4j\log4j-to-slf4j\2.14.1\log4j-to-slf4j-2.14.1.jar;F:\repository\org\apache\logging\log4j\log4j-api\2.14.1\log4j-api-2.14.1.jar;F:\repository\org\slf4j\jul-to-slf4j\1.7.32\jul-to-slf4j-1.7.32.jar;F:\repository\org\yaml\snakeyaml\1.28\snakeyaml-1.28.jar;F:\repository\org\thymeleaf\thymeleaf-spring5\3.0.12.RELEASE\thymeleaf-spring5-3.0.12.RELEASE.jar;F:\repository\org\thymeleaf\thymeleaf\3.0.12.RELEASE\thymeleaf-3.0.12.RELEASE.jar;F:\repository\org\attoparser\attoparser\2.0.5.RELEASE\attoparser-2.0.5.RELEASE.jar;F:\repository\org\unbescape\unbescape\1.1.6.RELEASE\unbescape-1.1.6.RELEASE.jar;F:\repository\org\thymeleaf\extras\thymeleaf-extras-java8time\3.0.4.RELEASE\thymeleaf
Launcher Type: SUN_STANDARD

Environment Variables:
JAVA_HOME=F:\Java
CLASSPATH=.;F:\Java\lib
PATH=D:\VMware\bin\;F:\Java\bin;C:\Program Files (x86)\Common Files\Intel\Shared Libraries\redist\intel64\compiler;C:\Windows\system32;C:\Windows;C:\Windows\System32\Wbem;C:\Windows\System32\WindowsPowerShell\v1.0\;C:\Windows\System32\OpenSSH\;C:\Program Files (x86)\NVIDIA Corporation\PhysX\Common;C:\Program Files\NVIDIA Corporation\NVIDIA NvDLISR;C:\Program Files\Microsoft\Web Platform Installer\;C:\Program Files (x86)\Microsoft ASP.NET\ASP.NET Web Pages\v1.0\;C:\Program Files\Microsoft SQL Server\110\Tools\Binn\;C:\Program Files\Common Files\Autodesk Shared\;C:\Program Files\Microsoft SQL Server\120\Tools\Binn\;C:\Program Files\dotnet\;C:\Program Files\Microsoft SQL Server\130\Tools\Binn\;D:\Git\cmd;F:\mingw64-x64-win32-seh\bin;D:\path_variable;F:\apache-maven-3.6.3\bin;F:\apache-tomcat-9.0.41\bin;D:\node.js\;D:\xshell\;D:\xftp\;C:\Program Files\MySQL\MySQL Server 5.6\bin;D:\androidsdk\tools;D:\androidsdk\platform-tools;C:\Windows\System32;D:\anaconda;D:\anaconda\Scripts;D:\anaconda\pkgs\setuptools-52.0.0-py38haa95532_0\Lib\site-packages\setuptools\command;C:\Program Files\MySQL\MySQL Server 5.7\bin;;C:\WINDOWS\system32;C:\WINDOWS;C:\WINDOWS\System32\Wbem;C:\WINDOWS\System32\WindowsPowerShell\v1.0\;C:\WINDOWS\System32\OpenSSH\;C:\Users\北落燕门\AppData\Local\Microsoft\WindowsApps;F:\fiddler;D:\DevEco Studio 2.1.0.501\bin;;C:\Users\北落燕门\AppData\Local\Programs\Microsoft VS Code\bin;D:\IntelliJ IDEA 2021.1.2\bin;;C:\Users\北落燕门\AppData\Roaming\npm;D:\PyCharm 2021.1.2\bin;;C:\Users\北落燕门\AppData\Local\hyper\app-3.0.2\resources\bin;D:\WebStorm 2021.1.2\bin;;D:\DataGrip 2021.1.3\bin;;C:\Users\北落燕门\AppData\Local\GitHubDesktop\bin;C:\Users\北落燕门\AppData\Local\Microsoft\WindowsApps;
USERNAME=北落燕门
OS=Windows_NT
PROCESSOR_IDENTIFIER=Intel64 Family 6 Model 158 Stepping 10, GenuineIntel



---------------  S Y S T E M  ---------------

OS: Windows 10.0 , 64 bit Build 19041 (10.0.19041.1348)

CPU:total 8 (initial active 8) (4 cores per cpu, 2 threads per core) family 6 model 158 stepping 10, cmov, cx8, fxsr, mmx, sse, sse2, sse3, ssse3, sse4.1, sse4.2, popcnt, avx, avx2, aes, clmul, erms, 3dnowpref, lzcnt, ht, tsc, tscinvbit, bmi1, bmi2, adx

Memory: 4k page, physical 8229732k(387820k free), swap 21786976k(6260k free)

vm_info: Java HotSpot(TM) 64-Bit Server VM (25.161-b12) for windows-amd64 JRE (1.8.0_161-b12), built on Dec 19 2017 17:52:25 by "java_re" with MS VC++ 10.0 (VS2010)

time: Tue Dec 21 16:42:00 2021
elapsed time: 6 seconds (0d 0h 0m 6s)

